<?xml version="1.0" encoding="UTF-8"?>
<testsuite xmlns:xsi="http://www.w3.org/2001/XMLSchema-instance" xsi:noNamespaceSchemaLocation="https://maven.apache.org/surefire/maven-surefire-plugin/xsd/surefire-test-report-3.0.xsd" version="3.0" name="TestSuite" time="41.379" tests="4" errors="0" skipped="2" failures="0">
  <properties>
[...]
</properties>
  <testcase name="logoutUserCheckoutFlow" classname="com.task.automation.MyFirstTestCase" time="0.0">
    <skipped message="The element with the reference f.BE3C396D28F8A85917B65B7AA2CC0E3C.d.19B26324F06017A73F73399437FF66D5.e.172 is not known in the current browsing context&#10;For documentation on this error, please visit: https://www.selenium.dev/documentation/webdriver/troubleshooting/errors#no-such-element-exception&#10;Build info: version: &apos;4.16.1&apos;, revision: &apos;9b4c83354e&apos;&#10;System info: os.name: &apos;Windows 11&apos;, os.arch: &apos;amd64&apos;, os.version: &apos;10.0&apos;, java.version: &apos;17.0.10&apos;&#10;Driver info: org.openqa.selenium.remote.RemoteWebDriver&#10;Command: [58745f59-4faa-4c07-b929-f55fc5274c3a, executeScript {script=arguments[0].scrollIntoView(true);, args=[{element-6066-11e4-a52e-4f735466cecf=f.BE3C396D28F8A85917B65B7AA2CC0E3C.d.19B26324F06017A73F73399437FF66D5.e.172}]}]&#10;Capabilities {acceptInsecureCerts: true, browserName: firefox, browserVersion: 124.0.1, moz:accessibilityChecks: false, moz:buildID: 20240321230221, moz:geckodriverVersion: 0.34.0, moz:headless: false, moz:platformVersion: 10.0, moz:processID: 23356, moz:profile: C:\Users\herai\AppData\Loca..., moz:shutdownTimeout: 60000, moz:webdriverClick: true, moz:windowless: false, pageLoadStrategy: normal, platformName: Windows 11, proxy: Proxy(), se:bidiEnabled: false, se:cdp: ws://192.168.0.187:4444/ses..., setWindowRect: true, strictFileInteractability: false, timeouts: {implicit: 0, pageLoad: 300000, script: 30000}, unhandledPromptBehavior: dismiss and notify}&#10;Session ID: 58745f59-4faa-4c07-b929-f55fc5274c3a"/>
    <system-out><![CDATA[driver is initialised
driver is initialised
]]></system-out>
    <system-err><![CDATA[SLF4J: Failed to load class "org.slf4j.impl.StaticLoggerBinder".
SLF4J: Defaulting to no-operation (NOP) logger implementation
SLF4J: See http://www.slf4j.org/codes.html#StaticLoggerBinder for further details.
Apr 06, 2024 10:03:48 PM org.openqa.selenium.remote.tracing.opentelemetry.OpenTelemetryTracer createTracer
INFO: Using OpenTelemetry for tracing
]]></system-err>
  </testcase>
  <testcase name="logoutUserCheckoutFlow" classname="com.task.automation.MyFirstTestCase" time="0.0">
    <skipped message="no such element: invalid element id&#10;  (Session info: chrome=123.0.6312.86)&#10;For documentation on this error, please visit: https://www.selenium.dev/documentation/webdriver/troubleshooting/errors#no-such-element-exception&#10;Build info: version: &apos;4.16.1&apos;, revision: &apos;9b4c83354e&apos;&#10;System info: os.name: &apos;Windows 11&apos;, os.arch: &apos;amd64&apos;, os.version: &apos;10.0&apos;, java.version: &apos;17.0.10&apos;&#10;Driver info: org.openqa.selenium.remote.RemoteWebDriver&#10;Command: [4b24f1172a789ac29e8597c47df52b77, executeScript {script=arguments[0].scrollIntoView(true);, args=[{element-6066-11e4-a52e-4f735466cecf=a5d0e204-29d5-4a6d-afee-f99b1b95d36d}]}]&#10;Capabilities {acceptInsecureCerts: true, browserName: chrome, browserVersion: 123.0.6312.86, chrome: {chromedriverVersion: 123.0.6312.105 (399174dbe6e..., userDataDir: C:\Users\herai\AppData\Loca...}, fedcm:accounts: true, goog:chromeOptions: {debuggerAddress: localhost:50634}, networkConnectionEnabled: false, pageLoadStrategy: normal, platformName: Windows 11, proxy: Proxy(), se:bidiEnabled: false, se:cdp: ws://192.168.0.187:4444/ses..., se:cdpVersion: 123.0.6312.86, setWindowRect: true, strictFileInteractability: false, timeouts: {implicit: 0, pageLoad: 300000, script: 30000}, unhandledPromptBehavior: dismiss and notify, webauthn:extension:credBlob: true, webauthn:extension:largeBlob: true, webauthn:extension:minPinLength: true, webauthn:extension:prf: true, webauthn:virtualAuthenticators: true}&#10;Session ID: 4b24f1172a789ac29e8597c47df52b77"/>
    <system-out><![CDATA[driver is initialised
]]></system-out>
  </testcase>
  <testcase name="logoutUserCheckoutFlow" classname="com.task.automation.MyFirstTestCase" time="11.003">
    <system-out><![CDATA[driver is initialised
Overlay Invisible
]]></system-out>
  </testcase>
  <testcase name="logoutUserCheckoutFlow" classname="com.task.automation.MyFirstTestCase" time="17.634">
    <system-out><![CDATA[Overlay Invisible
]]></system-out>
  </testcase>
</testsuite>