<?xml version="1.0" encoding="UTF-8"?>
<testng-results ignored="0" total="1" passed="1" failed="0" skipped="0">
  <reporter-output>
  </reporter-output>
  <suite started-at="2024-04-06T19:10:46 IST" name="sanitySuite" finished-at="2024-04-06T19:11:08 IST" duration-ms="21705">
    <groups>
      <group name="regression">
        <method signature="MyFirstTestCase.logoutUserCheckoutFlow()[pri:0, instance:com.task.automation.MyFirstTestCase@1bc715b8]" name="logoutUserCheckoutFlow" class="com.task.automation.MyFirstTestCase"/>
      </group> <!-- regression -->
      <group name="sanity">
        <method signature="MyFirstTestCase.logoutUserCheckoutFlow()[pri:0, instance:com.task.automation.MyFirstTestCase@1bc715b8]" name="logoutUserCheckoutFlow" class="com.task.automation.MyFirstTestCase"/>
      </group> <!-- sanity -->
    </groups>
    <test started-at="2024-04-06T19:10:46 IST" name="sanity" finished-at="2024-04-06T19:11:08 IST" duration-ms="21705">
      <class name="com.task.automation.MyFirstTestCase">
        <test-method is-config="true" signature="initializeDriver(java.lang.String)[pri:0, instance:com.task.automation.MyFirstTestCase@1bc715b8]" started-at="2024-04-06T19:10:46 IST" name="initializeDriver" finished-at="2024-04-06T19:10:48 IST" duration-ms="1657" status="PASS">
          <params>
            <param index="0">
              <value>
                <![CDATA[chrome]]>
              </value>
            </param>
          </params>
          <reporter-output>
          </reporter-output>
        </test-method> <!-- initializeDriver -->
        <test-method signature="logoutUserCheckoutFlow()[pri:0, instance:com.task.automation.MyFirstTestCase@1bc715b8]" started-at="2024-04-06T19:10:48 IST" name="logoutUserCheckoutFlow" finished-at="2024-04-06T19:11:08 IST" duration-ms="19786" status="PASS">
          <reporter-output>
          </reporter-output>
        </test-method> <!-- logoutUserCheckoutFlow -->
        <test-method is-config="true" signature="quitDriver()[pri:0, instance:com.task.automation.MyFirstTestCase@1bc715b8]" started-at="2024-04-06T19:11:08 IST" name="quitDriver" finished-at="2024-04-06T19:11:08 IST" duration-ms="228" status="PASS">
          <reporter-output>
          </reporter-output>
        </test-method> <!-- quitDriver -->
      </class> <!-- com.task.automation.MyFirstTestCase -->
    </test> <!-- sanity -->
  </suite> <!-- sanitySuite -->
</testng-results>
