<?xml version="1.0" encoding="UTF-8"?>
<!-- Generated by org.testng.reporters.JUnitXMLReporter -->
<testsuite ignored="2" hostname="Herain" failures="0" tests="1" name="sanity" time="21.705" errors="0" timestamp="2024-04-06T19:11:09 IST">
  <testcase classname="com.task.automation.MyFirstTestCase" name="logoutUserCheckoutFlow" time="19.786"/>
  <testcase classname="com.task.automation.MyFirstTestCase" name="loginUserCheckoutFlow" time="0.0">
    <ignored/>
  </testcase> <!-- loginUserCheckoutFlow -->
  <testcase classname="com.task.automation.MyFirstTestCase" name="loginUserCheckoutFlowFaiedCase" time="0.0">
    <ignored/>
  </testcase> <!-- loginUserCheckoutFlowFaiedCase -->
</testsuite> <!-- sanity -->
