<?xml version="1.0" encoding="UTF-8"?>
<!-- Generated by org.testng.reporters.JUnitXMLReporter -->
<testsuite ignored="2" hostname="Herain" failures="0" tests="2" name="sanity1" time="33.367" errors="0" timestamp="2024-04-06T22:04:22 IST">
  <testcase classname="com.task.automation.MyFirstTestCase" name="logoutUserCheckoutFlow" time="14.223">
    <skipped/>
  </testcase> <!-- logoutUserCheckoutFlow -->
  <testcase classname="com.task.automation.MyFirstTestCase" name="logoutUserCheckoutFlow" time="16.198"/>
  <testcase classname="com.task.automation.MyFirstTestCase" name="loginUserCheckoutFlow" time="0.0">
    <ignored/>
  </testcase> <!-- loginUserCheckoutFlow -->
  <testcase classname="com.task.automation.MyFirstTestCase" name="loginUserCheckoutFlowFaiedCase" time="0.0">
    <ignored/>
  </testcase> <!-- loginUserCheckoutFlowFaiedCase -->
</testsuite> <!-- sanity1 -->
